Removed Pin From Net: NetName=GND Pin=C4-1
Removed Pin From Net: NetName=12Vbatt Pin=C4-2
Removed Pin From Net: NetName=GND Pin=C6-1
Removed Pin From Net: NetName=3V3 Pin=C6-2
Removed Pin From Net: NetName=5V_1 Pin=C7-1
Removed Pin From Net: NetName=5V_1 Pin=C8-1
Removed Pin From Net: NetName=5V_1 Pin=C9-1
Removed Pin From Net: NetName=5V_1 Pin=C10-1
Removed Pin From Net: NetName=GND Pin=C10-2
Removed Pin From Net: NetName=5V_2 Pin=C11-1
Removed Pin From Net: NetName=GND Pin=C11-2
Removed Pin From Net: NetName=5V_2 Pin=C12-1
Removed Pin From Net: NetName=GND Pin=C12-2
Removed Pin From Net: NetName=5V_2 Pin=C13-1
Removed Pin From Net: NetName=GND Pin=C13-2
Removed Pin From Net: NetName=5V_2 Pin=C14-1
Removed Pin From Net: NetName=GND Pin=C14-2
Removed Pin From Net: NetName=GND Pin=J6-2
Removed Pin From Net: NetName=3V3 Pin=J6-20
Removed Member From Class: ClassName=Pic Member=C21
Change Component Footprint: Designator=C4 Old Footprint=CAPC0805(2012)155_L New Footprint=Capacitor
Change Component Footprint: Designator=C6 Old Footprint=CAPC0805(2012)155_L New Footprint=Capacitor
Change Component Footprint: Designator=C7 Old Footprint=CAPC0805(2012)155_L New Footprint=Capacitor
Change Component Footprint: Designator=C8 Old Footprint=CAPC0805(2012)155_L New Footprint=Capacitor
Change Component Footprint: Designator=C10 Old Footprint=CAPC0805(2012)155_L New Footprint=CAPC1206(3216)190_N
Change Component Footprint: Designator=C11 Old Footprint=CAPC0805(2012)155_L New Footprint=CAPC1206(3216)190_N
Change Component Footprint: Designator=C12 Old Footprint=CAPC0805(2012)155_L New Footprint=CAPC1206(3216)190_N
Change Component Footprint: Designator=C13 Old Footprint=CAPC0805(2012)155_L New Footprint=CAPC1206(3216)190_N
Change Component Footprint: Designator=C14 Old Footprint=CAPC0805(2012)155_L New Footprint=CAPC1206(3216)190_N
Change Component Footprint: Designator=C21 Old Footprint=CAPC0805(2012)155_L New Footprint=CAPC1206(3216)190_N
Change Component Comment : Designator=C21 Old Comment=10u New Comment=47uF
Change Component Comment : Designator=C9 Old Comment=47uF New Comment=100n
Change Component Comment : Designator=C4 Old Comment=100uf pol New Comment=47uF
Change Component Comment : Designator=C6 Old Comment=100uF pol New Comment=47uF
Change component parameters: Designator = "C10"; Footprint = "CAPC1206(3216)190_N"; UniqueID = "\RALMDEVL"
Change component parameters. Clean all parameters for all variants
Change component parameters (AddParameter): Name = "Case-EIA"; Value = "1206"; VariantName = "[No Variations]"
Change component parameters (AddParameter): Name = "Case-Metric"; Value = "3216"; VariantName = "[No Variations]"
Change component parameters (AddParameter): Name = "Max Thickness"; Value = "1.9 mm"; VariantName = "[No Variations]"
Change component parameters (AddParameter): Name = "Rated Voltage"; Value = "10 V"; VariantName = "[No Variations]"
Change component parameters (AddParameter): Name = "Technology"; Value = "SMT"; VariantName = "[No Variations]"
Change component parameters (AddParameter): Name = "Tolerance"; Value = "±20%"; VariantName = "[No Variations]"
Change component parameters (AddParameter): Name = "Value"; Value = "47uF"; VariantName = "[No Variations]"
Change component parameters: Designator = "C11"; Footprint = "CAPC1206(3216)190_N"; UniqueID = "\XGNYVAKP"
Change component parameters. Clean all parameters for all variants
Change component parameters (AddParameter): Name = "Case-EIA"; Value = "1206"; VariantName = "[No Variations]"
Change component parameters (AddParameter): Name = "Case-Metric"; Value = "3216"; VariantName = "[No Variations]"
Change component parameters (AddParameter): Name = "Max Thickness"; Value = "1.9 mm"; VariantName = "[No Variations]"
Change component parameters (AddParameter): Name = "Rated Voltage"; Value = "10 V"; VariantName = "[No Variations]"
Change component parameters (AddParameter): Name = "Technology"; Value = "SMT"; VariantName = "[No Variations]"
Change component parameters (AddParameter): Name = "Tolerance"; Value = "±20%"; VariantName = "[No Variations]"
Change component parameters (AddParameter): Name = "Value"; Value = "47uF"; VariantName = "[No Variations]"
Change component parameters: Designator = "C12"; Footprint = "CAPC1206(3216)190_N"; UniqueID = "\SYNSXENS"
Change component parameters. Clean all parameters for all variants
Change component parameters (AddParameter): Name = "Case-EIA"; Value = "1206"; VariantName = "[No Variations]"
Change component parameters (AddParameter): Name = "Case-Metric"; Value = "3216"; VariantName = "[No Variations]"
Change component parameters (AddParameter): Name = "Max Thickness"; Value = "1.9 mm"; VariantName = "[No Variations]"
Change component parameters (AddParameter): Name = "Rated Voltage"; Value = "10 V"; VariantName = "[No Variations]"
Change component parameters (AddParameter): Name = "Technology"; Value = "SMT"; VariantName = "[No Variations]"
Change component parameters (AddParameter): Name = "Tolerance"; Value = "±20%"; VariantName = "[No Variations]"
Change component parameters (AddParameter): Name = "Value"; Value = "47uF"; VariantName = "[No Variations]"
Change component parameters: Designator = "C13"; Footprint = "CAPC1206(3216)190_N"; UniqueID = "\LOXIOQUM"
Change component parameters. Clean all parameters for all variants
Change component parameters (AddParameter): Name = "Case-EIA"; Value = "1206"; VariantName = "[No Variations]"
Change component parameters (AddParameter): Name = "Case-Metric"; Value = "3216"; VariantName = "[No Variations]"
Change component parameters (AddParameter): Name = "Max Thickness"; Value = "1.9 mm"; VariantName = "[No Variations]"
Change component parameters (AddParameter): Name = "Rated Voltage"; Value = "10 V"; VariantName = "[No Variations]"
Change component parameters (AddParameter): Name = "Technology"; Value = "SMT"; VariantName = "[No Variations]"
Change component parameters (AddParameter): Name = "Tolerance"; Value = "±20%"; VariantName = "[No Variations]"
Change component parameters (AddParameter): Name = "Value"; Value = "47uF"; VariantName = "[No Variations]"
Change component parameters: Designator = "C14"; Footprint = "CAPC1206(3216)190_N"; UniqueID = "\VYKCQMJP"
Change component parameters. Clean all parameters for all variants
Change component parameters (AddParameter): Name = "Case-EIA"; Value = "1206"; VariantName = "[No Variations]"
Change component parameters (AddParameter): Name = "Case-Metric"; Value = "3216"; VariantName = "[No Variations]"
Change component parameters (AddParameter): Name = "Max Thickness"; Value = "1.9 mm"; VariantName = "[No Variations]"
Change component parameters (AddParameter): Name = "Rated Voltage"; Value = "10 V"; VariantName = "[No Variations]"
Change component parameters (AddParameter): Name = "Technology"; Value = "SMT"; VariantName = "[No Variations]"
Change component parameters (AddParameter): Name = "Tolerance"; Value = "±20%"; VariantName = "[No Variations]"
Change component parameters (AddParameter): Name = "Value"; Value = "47uF"; VariantName = "[No Variations]"
Change component parameters: Designator = "C21"; Footprint = "CAPC1206(3216)190_N"; UniqueID = "\TURHRVJL"
Change component parameters. Clean all parameters for all variants
Change component parameters (AddParameter): Name = "Case-EIA"; Value = "1206"; VariantName = "[No Variations]"
Change component parameters (AddParameter): Name = "Case-Metric"; Value = "3216"; VariantName = "[No Variations]"
Change component parameters (AddParameter): Name = "Max Thickness"; Value = "1.9 mm"; VariantName = "[No Variations]"
Change component parameters (AddParameter): Name = "Rated Voltage"; Value = "10 V"; VariantName = "[No Variations]"
Change component parameters (AddParameter): Name = "Technology"; Value = "SMT"; VariantName = "[No Variations]"
Change component parameters (AddParameter): Name = "Tolerance"; Value = "±20%"; VariantName = "[No Variations]"
Change component parameters (AddParameter): Name = "Value"; Value = "47uF"; VariantName = "[No Variations]"
Change component parameters: Designator = "C4"; Footprint = "Capacitor"; UniqueID = "\JDGCVSNG"
Change component parameters. Clean all parameters for all variants
Change component parameters (AddParameter): Name = "Brand"; Value = "Panasonic"; VariantName = "[No Variations]"
Change component parameters (AddParameter): Name = "Capacitance"; Value = "100uF"; VariantName = "[No Variations]"
Change component parameters (AddParameter): Name = "Case Diameter"; Value = "10mm"; VariantName = "[No Variations]"
Change component parameters (AddParameter): Name = "Case Height"; Value = "10.5mm"; VariantName = "[No Variations]"
Change component parameters (AddParameter): Name = "Case Length"; Value = "10.2mm"; VariantName = "[No Variations]"
Change component parameters (AddParameter): Name = "Datasheet URL"; Value = "https://industrial.panasonic.com/cdbs/www-data/pdf/RDD0000/DMD0000COL56.pdf"; VariantName = "[No Variations]"
Change component parameters (AddParameter): Name = "Datasheet Version"; Value = "06/2016"; VariantName = "[No Variations]"
Change component parameters (AddParameter): Name = "ESR"; Value = "28mOhms"; VariantName = "[No Variations]"
Change component parameters (AddParameter): Name = "Factory Pack Quantity"; Value = "500"; VariantName = "[No Variations]"
Change component parameters (AddParameter): Name = "Height"; Value = "10.5mm"; VariantName = "[No Variations]"
Change component parameters (AddParameter): Name = "Load Life"; Value = "10000Hour"; VariantName = "[No Variations]"
Change component parameters (AddParameter): Name = "Manufacturer"; Value = "Panasonic"; VariantName = "[No Variations]"
Change component parameters (AddParameter): Name = "Manufacturer URL"; Value = "http://www.panasonic.com/"; VariantName = "[No Variations]"
Change component parameters (AddParameter): Name = "Maximum Operating Temperature"; Value = "+105C"; VariantName = "[No Variations]"
Change component parameters (AddParameter): Name = "Minimum Operating Temperature"; Value = "-55C"; VariantName = "[No Variations]"
Change component parameters (AddParameter): Name = "Mounting Technology"; Value = "SurfaceMount"; VariantName = "[No Variations]"
Change component parameters (AddParameter): Name = "Package Description"; Value = "2-Pin Surface Mount Device, Body 10.3 x 10.3 mm"; VariantName = "[No Variations]"
Change component parameters (AddParameter): Name = "Package Reference"; Value = "ZA-G"; VariantName = "[No Variations]"
Change component parameters (AddParameter): Name = "Packaging"; Value = "Reel"; VariantName = "[No Variations]"
Change component parameters (AddParameter): Name = "Product"; Value = "AluminumElectrolyticCapacitors"; VariantName = "[No Variations]"
Change component parameters (AddParameter): Name = "Product Category"; Value = "AluminumOrganicPolymerCapacitors"; VariantName = "[No Variations]"
Change component parameters (AddParameter): Name = "Ripple Current"; Value = "2A"; VariantName = "[No Variations]"
Change component parameters (AddParameter): Name = "RoHS"; Value = "Details"; VariantName = "[No Variations]"
Change component parameters (AddParameter): Name = "Series"; Value = "ZA"; VariantName = "[No Variations]"
Change component parameters (AddParameter): Name = "Termination Style"; Value = "SMD/SMT"; VariantName = "[No Variations]"
Change component parameters (AddParameter): Name = "Tolerance"; Value = "20%"; VariantName = "[No Variations]"
Change component parameters (AddParameter): Name = "Voltage Rating DC"; Value = "50V"; VariantName = "[No Variations]"
Change component parameters: Designator = "C6"; Footprint = "Capacitor"; UniqueID = "\NVMIKBLK"
Change component parameters. Clean all parameters for all variants
Change component parameters (AddParameter): Name = "Brand"; Value = "Panasonic"; VariantName = "[No Variations]"
Change component parameters (AddParameter): Name = "Capacitance"; Value = "100uF"; VariantName = "[No Variations]"
Change component parameters (AddParameter): Name = "Case Diameter"; Value = "10mm"; VariantName = "[No Variations]"
Change component parameters (AddParameter): Name = "Case Height"; Value = "10.5mm"; VariantName = "[No Variations]"
Change component parameters (AddParameter): Name = "Case Length"; Value = "10.2mm"; VariantName = "[No Variations]"
Change component parameters (AddParameter): Name = "Datasheet URL"; Value = "https://industrial.panasonic.com/cdbs/www-data/pdf/RDD0000/DMD0000COL56.pdf"; VariantName = "[No Variations]"
Change component parameters (AddParameter): Name = "Datasheet Version"; Value = "06/2016"; VariantName = "[No Variations]"
Change component parameters (AddParameter): Name = "ESR"; Value = "28mOhms"; VariantName = "[No Variations]"
Change component parameters (AddParameter): Name = "Factory Pack Quantity"; Value = "500"; VariantName = "[No Variations]"
Change component parameters (AddParameter): Name = "Height"; Value = "10.5mm"; VariantName = "[No Variations]"
Change component parameters (AddParameter): Name = "Load Life"; Value = "10000Hour"; VariantName = "[No Variations]"
Change component parameters (AddParameter): Name = "Manufacturer"; Value = "Panasonic"; VariantName = "[No Variations]"
Change component parameters (AddParameter): Name = "Manufacturer URL"; Value = "http://www.panasonic.com/"; VariantName = "[No Variations]"
Change component parameters (AddParameter): Name = "Maximum Operating Temperature"; Value = "+105C"; VariantName = "[No Variations]"
Change component parameters (AddParameter): Name = "Minimum Operating Temperature"; Value = "-55C"; VariantName = "[No Variations]"
Change component parameters (AddParameter): Name = "Mounting Technology"; Value = "SurfaceMount"; VariantName = "[No Variations]"
Change component parameters (AddParameter): Name = "Package Description"; Value = "2-Pin Surface Mount Device, Body 10.3 x 10.3 mm"; VariantName = "[No Variations]"
Change component parameters (AddParameter): Name = "Package Reference"; Value = "ZA-G"; VariantName = "[No Variations]"
Change component parameters (AddParameter): Name = "Packaging"; Value = "Reel"; VariantName = "[No Variations]"
Change component parameters (AddParameter): Name = "Product"; Value = "AluminumElectrolyticCapacitors"; VariantName = "[No Variations]"
Change component parameters (AddParameter): Name = "Product Category"; Value = "AluminumOrganicPolymerCapacitors"; VariantName = "[No Variations]"
Change component parameters (AddParameter): Name = "Ripple Current"; Value = "2A"; VariantName = "[No Variations]"
Change component parameters (AddParameter): Name = "RoHS"; Value = "Details"; VariantName = "[No Variations]"
Change component parameters (AddParameter): Name = "Series"; Value = "ZA"; VariantName = "[No Variations]"
Change component parameters (AddParameter): Name = "Termination Style"; Value = "SMD/SMT"; VariantName = "[No Variations]"
Change component parameters (AddParameter): Name = "Tolerance"; Value = "20%"; VariantName = "[No Variations]"
Change component parameters (AddParameter): Name = "Voltage Rating DC"; Value = "50V"; VariantName = "[No Variations]"
Change component parameters: Designator = "C7"; Footprint = "Capacitor"; UniqueID = "\DPGSJBBO"
Change component parameters. Clean all parameters for all variants
Change component parameters (AddParameter): Name = "Brand"; Value = "Panasonic"; VariantName = "[No Variations]"
Change component parameters (AddParameter): Name = "Capacitance"; Value = "100uF"; VariantName = "[No Variations]"
Change component parameters (AddParameter): Name = "Case Diameter"; Value = "10mm"; VariantName = "[No Variations]"
Change component parameters (AddParameter): Name = "Case Height"; Value = "10.5mm"; VariantName = "[No Variations]"
Change component parameters (AddParameter): Name = "Case Length"; Value = "10.2mm"; VariantName = "[No Variations]"
Change component parameters (AddParameter): Name = "Datasheet URL"; Value = "https://industrial.panasonic.com/cdbs/www-data/pdf/RDD0000/DMD0000COL56.pdf"; VariantName = "[No Variations]"
Change component parameters (AddParameter): Name = "Datasheet Version"; Value = "06/2016"; VariantName = "[No Variations]"
Change component parameters (AddParameter): Name = "ESR"; Value = "28mOhms"; VariantName = "[No Variations]"
Change component parameters (AddParameter): Name = "Factory Pack Quantity"; Value = "500"; VariantName = "[No Variations]"
Change component parameters (AddParameter): Name = "Height"; Value = "10.5mm"; VariantName = "[No Variations]"
Change component parameters (AddParameter): Name = "Load Life"; Value = "10000Hour"; VariantName = "[No Variations]"
Change component parameters (AddParameter): Name = "Manufacturer"; Value = "Panasonic"; VariantName = "[No Variations]"
Change component parameters (AddParameter): Name = "Manufacturer URL"; Value = "http://www.panasonic.com/"; VariantName = "[No Variations]"
Change component parameters (AddParameter): Name = "Maximum Operating Temperature"; Value = "+105C"; VariantName = "[No Variations]"
Change component parameters (AddParameter): Name = "Minimum Operating Temperature"; Value = "-55C"; VariantName = "[No Variations]"
Change component parameters (AddParameter): Name = "Mounting Technology"; Value = "SurfaceMount"; VariantName = "[No Variations]"
Change component parameters (AddParameter): Name = "Package Description"; Value = "2-Pin Surface Mount Device, Body 10.3 x 10.3 mm"; VariantName = "[No Variations]"
Change component parameters (AddParameter): Name = "Package Reference"; Value = "ZA-G"; VariantName = "[No Variations]"
Change component parameters (AddParameter): Name = "Packaging"; Value = "Reel"; VariantName = "[No Variations]"
Change component parameters (AddParameter): Name = "Product"; Value = "AluminumElectrolyticCapacitors"; VariantName = "[No Variations]"
Change component parameters (AddParameter): Name = "Product Category"; Value = "AluminumOrganicPolymerCapacitors"; VariantName = "[No Variations]"
Change component parameters (AddParameter): Name = "Ripple Current"; Value = "2A"; VariantName = "[No Variations]"
Change component parameters (AddParameter): Name = "RoHS"; Value = "Details"; VariantName = "[No Variations]"
Change component parameters (AddParameter): Name = "Series"; Value = "ZA"; VariantName = "[No Variations]"
Change component parameters (AddParameter): Name = "Termination Style"; Value = "SMD/SMT"; VariantName = "[No Variations]"
Change component parameters (AddParameter): Name = "Tolerance"; Value = "20%"; VariantName = "[No Variations]"
Change component parameters (AddParameter): Name = "Voltage Rating DC"; Value = "50V"; VariantName = "[No Variations]"
Change component parameters: Designator = "C8"; Footprint = "Capacitor"; UniqueID = "\TJYNXXMM"
Change component parameters. Clean all parameters for all variants
Change component parameters (AddParameter): Name = "Brand"; Value = "Panasonic"; VariantName = "[No Variations]"
Change component parameters (AddParameter): Name = "Capacitance"; Value = "100uF"; VariantName = "[No Variations]"
Change component parameters (AddParameter): Name = "Case Diameter"; Value = "10mm"; VariantName = "[No Variations]"
Change component parameters (AddParameter): Name = "Case Height"; Value = "10.5mm"; VariantName = "[No Variations]"
Change component parameters (AddParameter): Name = "Case Length"; Value = "10.2mm"; VariantName = "[No Variations]"
Change component parameters (AddParameter): Name = "Datasheet URL"; Value = "https://industrial.panasonic.com/cdbs/www-data/pdf/RDD0000/DMD0000COL56.pdf"; VariantName = "[No Variations]"
Change component parameters (AddParameter): Name = "Datasheet Version"; Value = "06/2016"; VariantName = "[No Variations]"
Change component parameters (AddParameter): Name = "ESR"; Value = "28mOhms"; VariantName = "[No Variations]"
Change component parameters (AddParameter): Name = "Factory Pack Quantity"; Value = "500"; VariantName = "[No Variations]"
Change component parameters (AddParameter): Name = "Height"; Value = "10.5mm"; VariantName = "[No Variations]"
Change component parameters (AddParameter): Name = "Load Life"; Value = "10000Hour"; VariantName = "[No Variations]"
Change component parameters (AddParameter): Name = "Manufacturer"; Value = "Panasonic"; VariantName = "[No Variations]"
Change component parameters (AddParameter): Name = "Manufacturer URL"; Value = "http://www.panasonic.com/"; VariantName = "[No Variations]"
Change component parameters (AddParameter): Name = "Maximum Operating Temperature"; Value = "+105C"; VariantName = "[No Variations]"
Change component parameters (AddParameter): Name = "Minimum Operating Temperature"; Value = "-55C"; VariantName = "[No Variations]"
Change component parameters (AddParameter): Name = "Mounting Technology"; Value = "SurfaceMount"; VariantName = "[No Variations]"
Change component parameters (AddParameter): Name = "Package Description"; Value = "2-Pin Surface Mount Device, Body 10.3 x 10.3 mm"; VariantName = "[No Variations]"
Change component parameters (AddParameter): Name = "Package Reference"; Value = "ZA-G"; VariantName = "[No Variations]"
Change component parameters (AddParameter): Name = "Packaging"; Value = "Reel"; VariantName = "[No Variations]"
Change component parameters (AddParameter): Name = "Product"; Value = "AluminumElectrolyticCapacitors"; VariantName = "[No Variations]"
Change component parameters (AddParameter): Name = "Product Category"; Value = "AluminumOrganicPolymerCapacitors"; VariantName = "[No Variations]"
Change component parameters (AddParameter): Name = "Ripple Current"; Value = "2A"; VariantName = "[No Variations]"
Change component parameters (AddParameter): Name = "RoHS"; Value = "Details"; VariantName = "[No Variations]"
Change component parameters (AddParameter): Name = "Series"; Value = "ZA"; VariantName = "[No Variations]"
Change component parameters (AddParameter): Name = "Termination Style"; Value = "SMD/SMT"; VariantName = "[No Variations]"
Change component parameters (AddParameter): Name = "Tolerance"; Value = "20%"; VariantName = "[No Variations]"
Change component parameters (AddParameter): Name = "Voltage Rating DC"; Value = "50V"; VariantName = "[No Variations]"
Added Component: Designator=C24(CAPC1206(3216)190_N)
Add component. Clean all parameters for all variants
Add component (AddParameter): Name = "Case-EIA"; Value = "1206"; VariantName = "[No Variations]"
Add component (AddParameter): Name = "Case-Metric"; Value = "3216"; VariantName = "[No Variations]"
Add component (AddParameter): Name = "Max Thickness"; Value = "1.9 mm"; VariantName = "[No Variations]"
Add component (AddParameter): Name = "Rated Voltage"; Value = "10 V"; VariantName = "[No Variations]"
Add component (AddParameter): Name = "Technology"; Value = "SMT"; VariantName = "[No Variations]"
Add component (AddParameter): Name = "Tolerance"; Value = "±20%"; VariantName = "[No Variations]"
Add component (AddParameter): Name = "Value"; Value = "47uF"; VariantName = "[No Variations]"
Added Component: Designator=C25(CAPC1206(3216)190_N)
Add component. Clean all parameters for all variants
Add component (AddParameter): Name = "Case-EIA"; Value = "1206"; VariantName = "[No Variations]"
Add component (AddParameter): Name = "Case-Metric"; Value = "3216"; VariantName = "[No Variations]"
Add component (AddParameter): Name = "Max Thickness"; Value = "1.9 mm"; VariantName = "[No Variations]"
Add component (AddParameter): Name = "Rated Voltage"; Value = "10 V"; VariantName = "[No Variations]"
Add component (AddParameter): Name = "Technology"; Value = "SMT"; VariantName = "[No Variations]"
Add component (AddParameter): Name = "Tolerance"; Value = "±20%"; VariantName = "[No Variations]"
Add component (AddParameter): Name = "Value"; Value = "47uF"; VariantName = "[No Variations]"
Added Component: Designator=C26(CAPC1206(3216)190_N)
Add component. Clean all parameters for all variants
Add component (AddParameter): Name = "Case-EIA"; Value = "1206"; VariantName = "[No Variations]"
Add component (AddParameter): Name = "Case-Metric"; Value = "3216"; VariantName = "[No Variations]"
Add component (AddParameter): Name = "Max Thickness"; Value = "1.9 mm"; VariantName = "[No Variations]"
Add component (AddParameter): Name = "Rated Voltage"; Value = "10 V"; VariantName = "[No Variations]"
Add component (AddParameter): Name = "Technology"; Value = "SMT"; VariantName = "[No Variations]"
Add component (AddParameter): Name = "Tolerance"; Value = "±20%"; VariantName = "[No Variations]"
Add component (AddParameter): Name = "Value"; Value = "47uF"; VariantName = "[No Variations]"
Added Component: Designator=C27(CAPC1206(3216)190_N)
Add component. Clean all parameters for all variants
Add component (AddParameter): Name = "Case-EIA"; Value = "1206"; VariantName = "[No Variations]"
Add component (AddParameter): Name = "Case-Metric"; Value = "3216"; VariantName = "[No Variations]"
Add component (AddParameter): Name = "Max Thickness"; Value = "1.9 mm"; VariantName = "[No Variations]"
Add component (AddParameter): Name = "Rated Voltage"; Value = "10 V"; VariantName = "[No Variations]"
Add component (AddParameter): Name = "Technology"; Value = "SMT"; VariantName = "[No Variations]"
Add component (AddParameter): Name = "Tolerance"; Value = "±20%"; VariantName = "[No Variations]"
Add component (AddParameter): Name = "Value"; Value = "47uF"; VariantName = "[No Variations]"
Added Component: Designator=C28(PNSC-ZA-G_M)
Add component. Clean all parameters for all variants
Add component (AddParameter): Name = "Brand"; Value = "Panasonic"; VariantName = "[No Variations]"
Add component (AddParameter): Name = "Capacitance"; Value = "100uF"; VariantName = "[No Variations]"
Add component (AddParameter): Name = "Case Diameter"; Value = "10mm"; VariantName = "[No Variations]"
Add component (AddParameter): Name = "Case Height"; Value = "10.5mm"; VariantName = "[No Variations]"
Add component (AddParameter): Name = "Case Length"; Value = "10.2mm"; VariantName = "[No Variations]"
Add component (AddParameter): Name = "Datasheet URL"; Value = "https://industrial.panasonic.com/cdbs/www-data/pdf/RDD0000/DMD0000COL56.pdf"; VariantName = "[No Variations]"
Add component (AddParameter): Name = "Datasheet Version"; Value = "06/2016"; VariantName = "[No Variations]"
Add component (AddParameter): Name = "ESR"; Value = "28mOhms"; VariantName = "[No Variations]"
Add component (AddParameter): Name = "Factory Pack Quantity"; Value = "500"; VariantName = "[No Variations]"
Add component (AddParameter): Name = "Height"; Value = "10.5mm"; VariantName = "[No Variations]"
Add component (AddParameter): Name = "Load Life"; Value = "10000Hour"; VariantName = "[No Variations]"
Add component (AddParameter): Name = "Manufacturer"; Value = "Panasonic"; VariantName = "[No Variations]"
Add component (AddParameter): Name = "Manufacturer URL"; Value = "http://www.panasonic.com/"; VariantName = "[No Variations]"
Add component (AddParameter): Name = "Maximum Operating Temperature"; Value = "+105C"; VariantName = "[No Variations]"
Add component (AddParameter): Name = "Minimum Operating Temperature"; Value = "-55C"; VariantName = "[No Variations]"
Add component (AddParameter): Name = "Mounting Technology"; Value = "SurfaceMount"; VariantName = "[No Variations]"
Add component (AddParameter): Name = "Package Description"; Value = "2-Pin Surface Mount Device, Body 10.3 x 10.3 mm"; VariantName = "[No Variations]"
Add component (AddParameter): Name = "Package Reference"; Value = "ZA-G"; VariantName = "[No Variations]"
Add component (AddParameter): Name = "Packaging"; Value = "Reel"; VariantName = "[No Variations]"
Add component (AddParameter): Name = "Product"; Value = "AluminumElectrolyticCapacitors"; VariantName = "[No Variations]"
Add component (AddParameter): Name = "Product Category"; Value = "AluminumOrganicPolymerCapacitors"; VariantName = "[No Variations]"
Add component (AddParameter): Name = "Ripple Current"; Value = "2A"; VariantName = "[No Variations]"
Add component (AddParameter): Name = "RoHS"; Value = "Details"; VariantName = "[No Variations]"
Add component (AddParameter): Name = "Series"; Value = "ZA"; VariantName = "[No Variations]"
Add component (AddParameter): Name = "Termination Style"; Value = "SMD/SMT"; VariantName = "[No Variations]"
Add component (AddParameter): Name = "Tolerance"; Value = "20%"; VariantName = "[No Variations]"
Add component (AddParameter): Name = "Voltage Rating DC"; Value = "50V"; VariantName = "[No Variations]"
Added Pin To Net: NetName=12Vbatt Pin=C4-1
Added Pin To Net: NetName=GND Pin=C4-2
Added Pin To Net: NetName=12Vbatt Pin=C6-1
Added Pin To Net: NetName=GND Pin=C6-2
Added Pin To Net: NetName=12Vbatt Pin=C7-1
Added Pin To Net: NetName=12Vbatt Pin=C8-1
Added Pin To Net: NetName=12Vbatt Pin=C9-1
Added Pin To Net: NetName=GND Pin=C10-1
Added Pin To Net: NetName=3V3 Pin=C10-2
Added Pin To Net: NetName=GND Pin=C11-1
Added Pin To Net: NetName=3V3 Pin=C11-2
Added Pin To Net: NetName=GND Pin=C12-1
Added Pin To Net: NetName=5V_1 Pin=C12-2
Added Pin To Net: NetName=GND Pin=C13-1
Added Pin To Net: NetName=5V_1 Pin=C13-2
Added Pin To Net: NetName=GND Pin=C14-1
Added Pin To Net: NetName=5V_1 Pin=C14-2
Added Pin To Net: NetName=5V_1 Pin=C21-2
Added Pin To Net: NetName=GND Pin=C24-1
Added Pin To Net: NetName=5V_2 Pin=C24-2
Added Pin To Net: NetName=GND Pin=C25-1
Added Pin To Net: NetName=5V_2 Pin=C25-2
Added Pin To Net: NetName=GND Pin=C26-1
Added Pin To Net: NetName=5V_2 Pin=C26-2
Added Pin To Net: NetName=GND Pin=C27-1
Added Pin To Net: NetName=5V_2 Pin=C27-2
Added Pin To Net: NetName=GND Pin=C28-2
Added Pin To Net: NetName=3V3 Pin=J6-2
Added Pin To Net: NetName=5V_2 Pin=J6-20
Added Pin To Net: NetName=NetC28_1 Pin=C28-1
Added Pin To Net: NetName=NetC28_1 Pin=U5-7
Added Net: Name=NetC28_1
Added Member To Class: ClassName=Alim Member=Component C21 47uF
Added Member To Class: ClassName=Alim Member=Component C24 47uF
Added Member To Class: ClassName=Alim Member=Component C25 47uF
Added Member To Class: ClassName=Alim Member=Component C26 47uF
Added Member To Class: ClassName=Alim Member=Component C27 47uF
Added Member To Class: ClassName=Pic Member=Component C28 10uF
Added Room: Name=Alim
Added Room: Name=Pic
