Removed Pin From Net: NetName=GND Pin=C28-2
Removed Member From Class: ClassName=Pic Member=C28
Change Component Designator: OldDesignator=C1 NewDesignator=C3
Change Component Designator: OldDesignator=C2 NewDesignator=C4
Change Component Designator: OldDesignator=C3 NewDesignator=C5
Change Component Designator: OldDesignator=C4 NewDesignator=C1
Change Component Designator: OldDesignator=C5 NewDesignator=C11
Change Component Designator: OldDesignator=C6 NewDesignator=C2
Change Component Designator: OldDesignator=C7 NewDesignator=C6
Change Component Designator: OldDesignator=C8 NewDesignator=C7
Change Component Designator: OldDesignator=C9 NewDesignator=C8
Change Component Designator: OldDesignator=C10 NewDesignator=C9
Change Component Designator: OldDesignator=C11 NewDesignator=C10
Change Component Designator: OldDesignator=C15 NewDesignator=C20
Change Component Designator: OldDesignator=C16 NewDesignator=C21
Change Component Designator: OldDesignator=C17 NewDesignator=C22
Change Component Designator: OldDesignator=C18 NewDesignator=C23
Change Component Designator: OldDesignator=C19 NewDesignator=C24
Change Component Designator: OldDesignator=C20 NewDesignator=C25
Change Component Designator: OldDesignator=C21 NewDesignator=C15
Change Component Designator: OldDesignator=C22 NewDesignator=C27
Change Component Designator: OldDesignator=C23 NewDesignator=C28
Change Component Designator: OldDesignator=C24 NewDesignator=C16
Change Component Designator: OldDesignator=C25 NewDesignator=C17
Change Component Designator: OldDesignator=C26 NewDesignator=C18
Change Component Designator: OldDesignator=C27 NewDesignator=C19
Change Component Designator: OldDesignator=J5 NewDesignator=J7
Change Component Designator: OldDesignator=J6 NewDesignator=J5
Change Component Designator: OldDesignator=J7 NewDesignator=J6
Change Component Designator: OldDesignator=U5 NewDesignator=U6
Change Component Designator: OldDesignator=U6 NewDesignator=U7
Change Component Designator: OldDesignator=U7 NewDesignator=U5
Added Component: Designator=C26(CAPC0805(2012)155_L)
Add component. Clean all parameters for all variants
Add component (AddParameter): Name = "Case-EIA"; Value = "0805"; VariantName = "[No Variations]"
Add component (AddParameter): Name = "Case-Metric"; Value = "2012"; VariantName = "[No Variations]"
Add component (AddParameter): Name = "Max Thickness"; Value = "1.55 mm"; VariantName = "[No Variations]"
Add component (AddParameter): Name = "Rated Voltage"; Value = "10 V"; VariantName = "[No Variations]"
Add component (AddParameter): Name = "Technology"; Value = "SMT"; VariantName = "[No Variations]"
Add component (AddParameter): Name = "Tolerance"; Value = "±10%"; VariantName = "[No Variations]"
Add component (AddParameter): Name = "Value"; Value = "4.7uF"; VariantName = "[No Variations]"
Added Pin To Net: NetName=GND Pin=C26-1
Change Net Name : Old Net Name=NetC1_1 New Net Name=NetC3_1
Change Net Name : Old Net Name=NetC1_2 New Net Name=NetC3_2
Change Net Name : Old Net Name=NetC2_1 New Net Name=NetC4_1
Change Net Name : Old Net Name=NetC2_2 New Net Name=NetC4_2
Change Net Name : Old Net Name=NetC3_1 New Net Name=NetC5_1
Change Net Name : Old Net Name=NetC18_2 New Net Name=NetC23_2
Change Net Name : Old Net Name=NetC19_2 New Net Name=NetC24_2
Change Net Name : Old Net Name=NetC20_2 New Net Name=NetC25_2
Change Net Name : Old Net Name=NetJ5_1 New Net Name=NetJ7_1
Change Net Name : Old Net Name=NetJ6_3 New Net Name=NetJ5_3
Change Net Name : Old Net Name=NetJ6_4 New Net Name=NetJ5_4
Change Net Name : Old Net Name=NetJ6_5 New Net Name=NetJ5_5
Change Net Name : Old Net Name=NetJ6_6 New Net Name=NetJ5_6
Change Net Name : Old Net Name=NetJ6_7 New Net Name=NetJ5_7
Change Net Name : Old Net Name=NetJ6_8 New Net Name=NetJ5_8
Change Net Name : Old Net Name=NetJ6_9 New Net Name=NetJ5_9
Change Net Name : Old Net Name=NetJ6_10 New Net Name=NetJ5_10
Change Net Name : Old Net Name=NetJ6_11 New Net Name=NetJ5_11
Change Net Name : Old Net Name=NetJ6_12 New Net Name=NetJ5_12
Change Net Name : Old Net Name=NetJ6_13 New Net Name=NetJ5_13
Change Net Name : Old Net Name=NetJ6_14 New Net Name=NetJ5_14
Change Net Name : Old Net Name=NetJ6_15 New Net Name=NetJ5_15
Change Net Name : Old Net Name=NetJ6_16 New Net Name=NetJ5_16
Change Net Name : Old Net Name=NetU5_2 New Net Name=NetU6_2
Change Net Name : Old Net Name=NetU5_3 New Net Name=NetU6_3
Change Net Name : Old Net Name=NetU5_4 New Net Name=NetU6_4
Change Net Name : Old Net Name=NetU5_5 New Net Name=NetU6_5
Change Net Name : Old Net Name=NetU5_9 New Net Name=NetU6_9
Change Net Name : Old Net Name=NetU5_14 New Net Name=NetU6_14
Change Net Name : Old Net Name=NetU5_19 New Net Name=NetU6_19
Change Net Name : Old Net Name=NetU5_20 New Net Name=NetU6_20
Added Pin To Net: NetName=NetC26_2 Pin=C26-2
Added Pin To Net: NetName=NetC26_2 Pin=U6-7
Added Net: Name=NetC26_2
Added Member To Class: ClassName=Pic Member=Component C26 10uF
