Removed Pin From Net: NetName=12Vbatt Pin=U4-1
Removed Pin From Net: NetName=3V3 Pin=U4-6
Removed Pin From Net: NetName=GND Pin=U4-7
Removed Pin From Net: NetName=Vbatt Pin=U4-8
Change Component Footprint: Designator=R5 Old Footprint=RESC0805(2012)_N New Footprint=RESC1206(3216)_N
Change Component Footprint: Designator=U4 Old Footprint=SOP8 New Footprint=DCK0006A_N
Change Component Comment : Designator=U4 Old Comment=LMP8601 New Comment=INA214AIDCKT
Change Component Comment : Designator=R5 Old Comment=shunt 0,2R max New Comment=3mOhm
Change component parameters: Designator = "U4"; Footprint = "DCK0006A_N"; UniqueID = "\DFVVUQXB"
Change component parameters. Clean all parameters for all variants
Change component parameters (AddParameter): Name = "Accuracy"; Value = "1%"; VariantName = "[No Variations]"
Change component parameters (AddParameter): Name = "Amplifier Type"; Value = "CurrentSense"; VariantName = "[No Variations]"
Change component parameters (AddParameter): Name = "Brand"; Value = "TexasInstruments"; VariantName = "[No Variations]"
Change component parameters (AddParameter): Name = "CMRR - Common Mode Rejection Ratio"; Value = "105dB"; VariantName = "[No Variations]"
Change component parameters (AddParameter): Name = "Datasheet URL"; Value = "http://www.ti.com/lit/gpn/INA214?keyMatch=INA214AIDCKT&tisearch=Search-EN-Everything"; VariantName = "[No Variations]"
Change component parameters (AddParameter): Name = "Datasheet Version"; Value = "Rev. G, 07/2014"; VariantName = "[No Variations]"
Change component parameters (AddParameter): Name = "Development Kit"; Value = "INA210-214EVM"; VariantName = "[No Variations]"
Change component parameters (AddParameter): Name = "Gain Error"; Value = "0.02%"; VariantName = "[No Variations]"
Change component parameters (AddParameter): Name = "Gain V/V"; Value = "100V/V"; VariantName = "[No Variations]"
Change component parameters (AddParameter): Name = "GBP - Gain Bandwidth Product"; Value = "30kHz"; VariantName = "[No Variations]"
Change component parameters (AddParameter): Name = "Manufacturer"; Value = "TexasInstruments"; VariantName = "[No Variations]"
Change component parameters (AddParameter): Name = "Manufacturer URL"; Value = "http://www.ti.com/"; VariantName = "[No Variations]"
Change component parameters (AddParameter): Name = "Maximum Operating Temperature"; Value = "+125C"; VariantName = "[No Variations]"
Change component parameters (AddParameter): Name = "Minimum Operating Temperature"; Value = "-40C"; VariantName = "[No Variations]"
Change component parameters (AddParameter): Name = "Mounting Style"; Value = "SMD/SMT"; VariantName = "[No Variations]"
Change component parameters (AddParameter): Name = "Mounting Technology"; Value = "SurfaceMount"; VariantName = "[No Variations]"
Change component parameters (AddParameter): Name = "Number of Channels"; Value = "1Channel"; VariantName = "[No Variations]"
Change component parameters (AddParameter): Name = "Operating Supply Current"; Value = "115uA"; VariantName = "[No Variations]"
Change component parameters (AddParameter): Name = "Package / Case"; Value = "SOT-23-6"; VariantName = "[No Variations]"
Change component parameters (AddParameter): Name = "Package Description"; Value = "6-Pin Plastic Small Outline, Body 2 x 1.25 mm, Pitch 0.65 mm"; VariantName = "[No Variations]"
Change component parameters (AddParameter): Name = "Package Reference"; Value = "DCK6"; VariantName = "[No Variations]"
Change component parameters (AddParameter): Name = "Package Version"; Value = "4093553-4/G, 01/2007"; VariantName = "[No Variations]"
Change component parameters (AddParameter): Name = "Packaging"; Value = "Reel"; VariantName = "[No Variations]"
Change component parameters (AddParameter): Name = "Product"; Value = "CurrentSenseAmplifiers"; VariantName = "[No Variations]"
Change component parameters (AddParameter): Name = "Product Category"; Value = "CurrentSenseAmplifiers"; VariantName = "[No Variations]"
Change component parameters (AddParameter): Name = "RoHS"; Value = "True"; VariantName = "[No Variations]"
Change component parameters (AddParameter): Name = "Series"; Value = "INA214"; VariantName = "[No Variations]"
Change component parameters (AddParameter): Name = "Supply Voltage - Max"; Value = "26V"; VariantName = "[No Variations]"
Change component parameters (AddParameter): Name = "Supply Voltage - Min"; Value = "2.7V"; VariantName = "[No Variations]"
Change component parameters (AddParameter): Name = "Topology"; Value = "CurrentShuntFeedback"; VariantName = "[No Variations]"
Change component parameters (AddParameter): Name = "Unit Weight"; Value = "0.000088oz"; VariantName = "[No Variations]"
Change component parameters (AddParameter): Name = "Vcm - Common Mode Voltage"; Value = "-0.3Vto+26V"; VariantName = "[No Variations]"
Change component parameters (AddParameter): Name = "Vos - Input Offset Voltage"; Value = "60uV"; VariantName = "[No Variations]"
Added Pin To Net: NetName=GND Pin=U4-1
Added Pin To Net: NetName=3V3 Pin=U4-3
Added Pin To Net: NetName=12Vbatt Pin=U4-4
Added Pin To Net: NetName=Vbatt Pin=U4-5
Added Pin To Net: NetName=NetU4_6 Pin=U4-6
Added Pin To Net: NetName=NetU4_6 Pin=U5-24
Added Net: Name=NetU4_6
Added Room: Name=Alim
Added Room: Name=Pic
