Removed Member From Class: ClassName=Alim Member=U5
Change Component Footprint: Designator=C1 Old Footprint=CAPC0805(2012)155_L New Footprint=CAPC0805(2012)155_L
Change Component Footprint: Designator=C2 Old Footprint=CAPC0805(2012)155_L New Footprint=CAPC0805(2012)155_L
Change Component Footprint: Designator=C3 Old Footprint=CAPC0805(2012)155_L New Footprint=CAPC0805(2012)155_L
Change Component Footprint: Designator=C4 Old Footprint=CAPC0805(2012)155_L New Footprint=CAPC0805(2012)155_L
Change Component Footprint: Designator=C5 Old Footprint=CAPC0805(2012)155_L New Footprint=CAPC0805(2012)155_L
Change Component Footprint: Designator=C6 Old Footprint=CAPC0805(2012)155_L New Footprint=CAPC0805(2012)155_L
Change Component Footprint: Designator=C7 Old Footprint=CAPC0805(2012)155_L New Footprint=CAPC0805(2012)155_L
Change Component Footprint: Designator=C8 Old Footprint=CAPC0805(2012)155_L New Footprint=CAPC0805(2012)155_L
Change Component Footprint: Designator=C9 Old Footprint=CAPC0805(2012)155_L New Footprint=CAPC0805(2012)155_L
Change Component Footprint: Designator=C10 Old Footprint=CAPC0805(2012)155_L New Footprint=CAPC0805(2012)155_L
Change Component Footprint: Designator=C11 Old Footprint=CAPC0805(2012)155_L New Footprint=CAPC0805(2012)155_L
Change Component Footprint: Designator=C12 Old Footprint=CAPC0805(2012)155_L New Footprint=CAPC0805(2012)155_L
Change Component Footprint: Designator=C13 Old Footprint=CAPC0805(2012)155_L New Footprint=CAPC0805(2012)155_L
Change Component Footprint: Designator=C14 Old Footprint=CAPC0805(2012)155_L New Footprint=CAPC0805(2012)155_L
Change Component Footprint: Designator=C15 Old Footprint=CAPC0805(2012)155_L New Footprint=CAPC0805(2012)155_L
Change Component Footprint: Designator=C16 Old Footprint=CAPC0805(2012)155_L New Footprint=CAPC0805(2012)155_L
Change Component Footprint: Designator=C17 Old Footprint=CAPC0805(2012)155_L New Footprint=CAPC0805(2012)155_L
Change Component Footprint: Designator=C18 Old Footprint=CAPC0805(2012)155_L New Footprint=CAPC0805(2012)155_L
Change Component Footprint: Designator=C19 Old Footprint=CAPC0805(2012)155_L New Footprint=CAPC0805(2012)155_L
Change Component Footprint: Designator=C20 Old Footprint=CAPC0805(2012)155_L New Footprint=CAPC0805(2012)155_L
Change Component Footprint: Designator=C21 Old Footprint=CAPC0805(2012)155_L New Footprint=CAPC0805(2012)155_L
Change Component Footprint: Designator=C22 Old Footprint=CAPC0805(2012)155_L New Footprint=CAPC0805(2012)155_L
Change Component Footprint: Designator=C23 Old Footprint=CAPC0805(2012)155_L New Footprint=CAPC0805(2012)155_L
Added Component: Designator=L1(DO3308P)
Add component. Clean all parameters for all variants
Added Pin To Net: NetName=NetC3_2 Pin=L1-1
Added Pin To Net: NetName=3V3 Pin=L1-2
Added Member To Class: ClassName=Alim Member=Component L1 DO3308P-684
